.\Debug\lesson7.pdb
C:\USERS\ARTHUR\DROPBOX\PSYCHOPHYSICS\EYEBRAIN_FINALEXPERIMENT\DEBUG\BMP.OBJ
C:\USERS\ARTHUR\DROPBOX\PSYCHOPHYSICS\EYEBRAIN_FINALEXPERIMENT\DEBUG\CURVATURES.OBJ
C:\USERS\ARTHUR\DROPBOX\PSYCHOPHYSICS\EYEBRAIN_FINALEXPERIMENT\DEBUG\DATAPROCESS.OBJ
C:\USERS\ARTHUR\DROPBOX\PSYCHOPHYSICS\EYEBRAIN_FINALEXPERIMENT\DEBUG\FFTN.OBJ
C:\USERS\ARTHUR\DROPBOX\PSYCHOPHYSICS\EYEBRAIN_FINALEXPERIMENT\DEBUG\IMG.OBJ
C:\USERS\ARTHUR\DROPBOX\PSYCHOPHYSICS\EYEBRAIN_FINALEXPERIMENT\DEBUG\LESSON7.EXE
C:\USERS\ARTHUR\DROPBOX\PSYCHOPHYSICS\EYEBRAIN_FINALEXPERIMENT\DEBUG\LESSON7.EXE.EMBED.MANIFEST
C:\USERS\ARTHUR\DROPBOX\PSYCHOPHYSICS\EYEBRAIN_FINALEXPERIMENT\DEBUG\LESSON7.EXE.EMBED.MANIFEST.RES
C:\USERS\ARTHUR\DROPBOX\PSYCHOPHYSICS\EYEBRAIN_FINALEXPERIMENT\DEBUG\LESSON7.EXE.INTERMEDIATE.MANIFEST
C:\USERS\ARTHUR\DROPBOX\PSYCHOPHYSICS\EYEBRAIN_FINALEXPERIMENT\DEBUG\LESSON7.ILK
C:\USERS\ARTHUR\DROPBOX\PSYCHOPHYSICS\EYEBRAIN_FINALEXPERIMENT\DEBUG\LESSON7.OBJ
C:\USERS\ARTHUR\DROPBOX\PSYCHOPHYSICS\EYEBRAIN_FINALEXPERIMENT\DEBUG\LESSON7.PDB
C:\USERS\ARTHUR\DROPBOX\PSYCHOPHYSICS\EYEBRAIN_FINALEXPERIMENT\DEBUG\NRUTIL.OBJ
C:\USERS\ARTHUR\DROPBOX\PSYCHOPHYSICS\EYEBRAIN_FINALEXPERIMENT\DEBUG\TGAHELPER.OBJ
C:\USERS\ARTHUR\DROPBOX\PSYCHOPHYSICS\EYEBRAIN_FINALEXPERIMENT\DEBUG\VC100.PDB
C:\Users\Arthur\Dropbox\psychophysics\EyeBrain_finalExperiment_2\.\Debug\lesson7.exe.intermediate.manifest
C:\USERS\ARTHUR\DROPBOX\PSYCHOPHYSICS\EYEBRAIN_FINALEXPERIMENT_2\DEBUG\BMP.OBJ
C:\Users\Arthur\Dropbox\psychophysics\EyeBrain_finalExperiment_2\Debug\cl.command.1.tlog
C:\Users\Arthur\Dropbox\psychophysics\EyeBrain_finalExperiment_2\Debug\CL.read.1.tlog
C:\Users\Arthur\Dropbox\psychophysics\EyeBrain_finalExperiment_2\Debug\CL.write.1.tlog
C:\USERS\ARTHUR\DROPBOX\PSYCHOPHYSICS\EYEBRAIN_FINALEXPERIMENT_2\DEBUG\CURVATURES.OBJ
C:\USERS\ARTHUR\DROPBOX\PSYCHOPHYSICS\EYEBRAIN_FINALEXPERIMENT_2\DEBUG\DATAPROCESS.OBJ
C:\USERS\ARTHUR\DROPBOX\PSYCHOPHYSICS\EYEBRAIN_FINALEXPERIMENT_2\DEBUG\FFTN.OBJ
C:\USERS\ARTHUR\DROPBOX\PSYCHOPHYSICS\EYEBRAIN_FINALEXPERIMENT_2\DEBUG\IMG.OBJ
C:\USERS\ARTHUR\DROPBOX\PSYCHOPHYSICS\EYEBRAIN_FINALEXPERIMENT_2\DEBUG\LESSON7.EXE.EMBED.MANIFEST
C:\USERS\ARTHUR\DROPBOX\PSYCHOPHYSICS\EYEBRAIN_FINALEXPERIMENT_2\DEBUG\LESSON7.EXE.EMBED.MANIFEST.RES
C:\Users\Arthur\Dropbox\psychophysics\EyeBrain_finalExperiment_2\Debug\lesson7.exe.intermediate.manifest
C:\USERS\ARTHUR\DROPBOX\PSYCHOPHYSICS\EYEBRAIN_FINALEXPERIMENT_2\DEBUG\LESSON7.OBJ
C:\Users\Arthur\Dropbox\psychophysics\EyeBrain_finalExperiment_2\Debug\lesson7.pdb
C:\Users\Arthur\Dropbox\psychophysics\EyeBrain_finalExperiment_2\Debug\lesson7_manifest.rc
C:\Users\Arthur\Dropbox\psychophysics\EyeBrain_finalExperiment_2\Debug\link.376.read.1.tlog
C:\Users\Arthur\Dropbox\psychophysics\EyeBrain_finalExperiment_2\Debug\link.376.write.1.tlog
C:\Users\Arthur\Dropbox\psychophysics\EyeBrain_finalExperiment_2\Debug\link.376-cvtres.read.1.tlog
C:\Users\Arthur\Dropbox\psychophysics\EyeBrain_finalExperiment_2\Debug\link.376-cvtres.write.1.tlog
C:\Users\Arthur\Dropbox\psychophysics\EyeBrain_finalExperiment_2\Debug\link.6008.read.1.tlog
C:\Users\Arthur\Dropbox\psychophysics\EyeBrain_finalExperiment_2\Debug\link.6008.write.1.tlog
C:\Users\Arthur\Dropbox\psychophysics\EyeBrain_finalExperiment_2\Debug\link.command.1.tlog
C:\Users\Arthur\Dropbox\psychophysics\EyeBrain_finalExperiment_2\Debug\link.read.1.tlog
C:\Users\Arthur\Dropbox\psychophysics\EyeBrain_finalExperiment_2\Debug\link.write.1.tlog
C:\Users\Arthur\Dropbox\psychophysics\EyeBrain_finalExperiment_2\Debug\link-cvtres.read.1.tlog
C:\Users\Arthur\Dropbox\psychophysics\EyeBrain_finalExperiment_2\Debug\link-cvtres.write.1.tlog
C:\Users\Arthur\Dropbox\psychophysics\EyeBrain_finalExperiment_2\Debug\mt.command.1.tlog
C:\Users\Arthur\Dropbox\psychophysics\EyeBrain_finalExperiment_2\Debug\mt.read.1.tlog
C:\Users\Arthur\Dropbox\psychophysics\EyeBrain_finalExperiment_2\Debug\mt.write.1.tlog
C:\USERS\ARTHUR\DROPBOX\PSYCHOPHYSICS\EYEBRAIN_FINALEXPERIMENT_2\DEBUG\NRUTIL.OBJ
C:\Users\Arthur\Dropbox\psychophysics\EyeBrain_finalExperiment_2\Debug\rc.command.1.tlog
C:\Users\Arthur\Dropbox\psychophysics\EyeBrain_finalExperiment_2\Debug\rc.read.1.tlog
C:\Users\Arthur\Dropbox\psychophysics\EyeBrain_finalExperiment_2\Debug\rc.write.1.tlog
C:\USERS\ARTHUR\DROPBOX\PSYCHOPHYSICS\EYEBRAIN_FINALEXPERIMENT_2\DEBUG\TGAHELPER.OBJ
C:\Users\Arthur\Dropbox\psychophysics\EyeBrain_finalExperiment_2\Debug\vc100.idb
C:\USERS\ARTHUR\DROPBOX\PSYCHOPHYSICS\EYEBRAIN_FINALEXPERIMENT_2\DEBUG\VC100.PDB
