Build started 17/06/2012 3:39:51 PM.
     1>Project "C:\Users\Arthur\Dropbox\psychophysics\EyeBrain\lesson7.vcxproj" on node 2 (rebuild target(s)).
     1>_PrepareForClean:
         Deleting file ".\Debug\lesson7.lastbuildstate".
       InitializeBuildStatus:
         Touching ".\Debug\lesson7.unsuccessfulbuild".
       ClCompile:
         C:\Program Files (x86)\Microsoft Visual Studio 10.0\VC\bin\CL.exe /c /ZI /nologo /W3 /WX- /Od /Oy- /D WIN32 /D _DEBUG /D _WINDOWS /D _VC80_UPGRADE=0x0600 /D _MBCS /Gm /EHsc /RTC1 /MTd /GS /Gy- /fp:precise /Zc:wchar_t /Zc:forScope /Fo".\Debug\\" /Fd".\Debug\vc100.pdb" /Gd /TP /analyze- /errorReport:prompt bmp.cpp complex.cpp curvatures.cpp dataProcess.cpp lesson7.cpp
         lesson7.cpp
     1>c:\users\arthur\dropbox\psychophysics\eyebrain\lesson7.h(174): warning C4244: 'initializing' : conversion from 'double' to 'GLfloat', possible loss of data
     1>c:\users\arthur\dropbox\psychophysics\eyebrain\lesson7.h(175): warning C4244: 'initializing' : conversion from 'double' to 'GLfloat', possible loss of data
     1>c:\users\arthur\dropbox\psychophysics\eyebrain\lesson7.h(240): warning C4305: 'initializing' : truncation from 'double' to 'GLfloat'
     1>c:\users\arthur\dropbox\psychophysics\eyebrain\lesson7.h(240): warning C4305: 'initializing' : truncation from 'double' to 'GLfloat'
     1>c:\users\arthur\dropbox\psychophysics\eyebrain\lesson7.h(240): warning C4305: 'initializing' : truncation from 'double' to 'GLfloat'
     1>c:\users\arthur\dropbox\psychophysics\eyebrain\lesson7.h(247): warning C4305: 'initializing' : truncation from 'double' to 'GLfloat'
     1>c:\users\arthur\dropbox\psychophysics\eyebrain\lesson7.h(256): warning C4305: 'initializing' : truncation from 'double' to 'GLfloat'
     1>c:\users\arthur\dropbox\psychophysics\eyebrain\lesson7.h(256): warning C4305: 'initializing' : truncation from 'double' to 'GLfloat'
     1>c:\users\arthur\dropbox\psychophysics\eyebrain\lesson7.h(256): warning C4305: 'initializing' : truncation from 'double' to 'GLfloat'
     1>c:\users\arthur\dropbox\psychophysics\eyebrain\lesson7.h(258): warning C4305: 'initializing' : truncation from 'double' to 'GLfloat'
     1>c:\users\arthur\dropbox\psychophysics\eyebrain\lesson7.h(258): warning C4305: 'initializing' : truncation from 'double' to 'GLfloat'
     1>c:\users\arthur\dropbox\psychophysics\eyebrain\lesson7.h(258): warning C4305: 'initializing' : truncation from 'double' to 'GLfloat'
     1>c:\users\arthur\dropbox\psychophysics\eyebrain\lesson7.h(267): warning C4305: 'initializing' : truncation from 'double' to 'GLfloat'
     1>c:\users\arthur\dropbox\psychophysics\eyebrain\lesson7.h(274): warning C4305: 'initializing' : truncation from 'double' to 'GLfloat'
     1>c:\users\arthur\dropbox\psychophysics\eyebrain\lesson7.h(282): warning C4305: 'initializing' : truncation from 'double' to 'GLfloat'
     1>c:\users\arthur\dropbox\psychophysics\eyebrain\lesson7.h(289): warning C4305: 'initializing' : truncation from 'double' to 'GLfloat'
     1>c:\users\arthur\dropbox\psychophysics\eyebrain\lesson7.cpp(90): warning C4244: '=' : conversion from 'double' to 'GLfloat', possible loss of data
     1>c:\users\arthur\dropbox\psychophysics\eyebrain\lesson7.cpp(120): warning C4244: 'argument' : conversion from 'time_t' to 'unsigned int', possible loss of data
     1>c:\users\arthur\dropbox\psychophysics\eyebrain\lesson7.cpp(826): warning C4244: '=' : conversion from 'double' to 'int', possible loss of data
     1>c:\users\arthur\dropbox\psychophysics\eyebrain\lesson7.cpp(827): warning C4244: '=' : conversion from 'double' to 'int', possible loss of data
     1>c:\users\arthur\dropbox\psychophysics\eyebrain\lesson7.cpp(828): warning C4244: '=' : conversion from 'double' to 'int', possible loss of data
     1>c:\users\arthur\dropbox\psychophysics\eyebrain\lesson7.cpp(829): warning C4244: '=' : conversion from 'double' to 'int', possible loss of data
     1>c:\users\arthur\dropbox\psychophysics\eyebrain\lesson7.cpp(912): warning C4244: 'initializing' : conversion from 'double' to 'int', possible loss of data
     1>c:\users\arthur\dropbox\psychophysics\eyebrain\lesson7.cpp(932): warning C4244: 'argument' : conversion from 'double' to 'GLfloat', possible loss of data
     1>c:\users\arthur\dropbox\psychophysics\eyebrain\lesson7.cpp(932): warning C4244: 'argument' : conversion from 'double' to 'GLfloat', possible loss of data
     1>c:\users\arthur\dropbox\psychophysics\eyebrain\lesson7.cpp(932): warning C4244: 'argument' : conversion from 'double' to 'GLfloat', possible loss of data
     1>c:\users\arthur\dropbox\psychophysics\eyebrain\lesson7.cpp(933): warning C4244: 'argument' : conversion from 'double' to 'GLfloat', possible loss of data
     1>c:\users\arthur\dropbox\psychophysics\eyebrain\lesson7.cpp(933): warning C4244: 'argument' : conversion from 'double' to 'GLfloat', possible loss of data
     1>c:\users\arthur\dropbox\psychophysics\eyebrain\lesson7.cpp(933): warning C4244: 'argument' : conversion from 'double' to 'GLfloat', possible loss of data
     1>c:\users\arthur\dropbox\psychophysics\eyebrain\lesson7.cpp(934): warning C4244: 'argument' : conversion from 'double' to 'GLfloat', possible loss of data
     1>c:\users\arthur\dropbox\psychophysics\eyebrain\lesson7.cpp(934): warning C4244: 'argument' : conversion from 'double' to 'GLfloat', possible loss of data
     1>c:\users\arthur\dropbox\psychophysics\eyebrain\lesson7.cpp(934): warning C4244: 'argument' : conversion from 'double' to 'GLfloat', possible loss of data
     1>c:\users\arthur\dropbox\psychophysics\eyebrain\lesson7.cpp(935): warning C4244: 'argument' : conversion from 'double' to 'GLfloat', possible loss of data
     1>c:\users\arthur\dropbox\psychophysics\eyebrain\lesson7.cpp(935): warning C4244: 'argument' : conversion from 'double' to 'GLfloat', possible loss of data
     1>c:\users\arthur\dropbox\psychophysics\eyebrain\lesson7.cpp(935): warning C4244: 'argument' : conversion from 'double' to 'GLfloat', possible loss of data
     1>c:\users\arthur\dropbox\psychophysics\eyebrain\lesson7.cpp(953): warning C4244: '=' : conversion from 'double' to 'GLfloat', possible loss of data
     1>c:\users\arthur\dropbox\psychophysics\eyebrain\lesson7.cpp(954): warning C4244: '=' : conversion from 'double' to 'GLfloat', possible loss of data
     1>c:\users\arthur\dropbox\psychophysics\eyebrain\lesson7.cpp(962): warning C4244: '=' : conversion from 'double' to 'GLfloat', possible loss of data
     1>c:\users\arthur\dropbox\psychophysics\eyebrain\lesson7.cpp(963): warning C4244: '=' : conversion from 'double' to 'GLfloat', possible loss of data
     1>c:\users\arthur\dropbox\psychophysics\eyebrain\lesson7.cpp(979): warning C4244: '=' : conversion from 'double' to 'GLfloat', possible loss of data
     1>c:\users\arthur\dropbox\psychophysics\eyebrain\lesson7.cpp(980): warning C4244: '=' : conversion from 'double' to 'GLfloat', possible loss of data
     1>c:\users\arthur\dropbox\psychophysics\eyebrain\lesson7.cpp(992): warning C4244: '=' : conversion from 'double' to 'GLfloat', possible loss of data
     1>c:\users\arthur\dropbox\psychophysics\eyebrain\lesson7.cpp(993): warning C4244: '=' : conversion from 'double' to 'GLfloat', possible loss of data
     1>c:\users\arthur\dropbox\psychophysics\eyebrain\lesson7.cpp(1050): warning C4244: '=' : conversion from 'double' to 'GLfloat', possible loss of data
     1>c:\users\arthur\dropbox\psychophysics\eyebrain\lesson7.cpp(1073): warning C4244: 'argument' : conversion from 'double' to 'float', possible loss of data
     1>c:\users\arthur\dropbox\psychophysics\eyebrain\lesson7.cpp(1227): warning C4244: 'argument' : conversion from 'double' to 'GLfloat', possible loss of data
     1>c:\users\arthur\dropbox\psychophysics\eyebrain\lesson7.cpp(1230): warning C4305: 'argument' : truncation from 'double' to 'GLfloat'
     1>c:\users\arthur\dropbox\psychophysics\eyebrain\lesson7.cpp(1232): warning C4305: 'argument' : truncation from 'double' to 'GLfloat'
     1>c:\users\arthur\dropbox\psychophysics\eyebrain\lesson7.cpp(1236): warning C4244: 'argument' : conversion from 'double' to 'GLfloat', possible loss of data
     1>c:\users\arthur\dropbox\psychophysics\eyebrain\lesson7.cpp(1472): warning C4244: '=' : conversion from 'double' to 'GLfloat', possible loss of data
     1>c:\users\arthur\dropbox\psychophysics\eyebrain\lesson7.cpp(1473): warning C4244: '=' : conversion from 'double' to 'GLfloat', possible loss of data
     1>c:\users\arthur\dropbox\psychophysics\eyebrain\lesson7.cpp(1476): warning C4244: '=' : conversion from 'double' to 'GLfloat', possible loss of data
     1>c:\users\arthur\dropbox\psychophysics\eyebrain\lesson7.cpp(1554): warning C4305: 'argument' : truncation from 'double' to 'GLfloat'
     1>c:\users\arthur\dropbox\psychophysics\eyebrain\lesson7.cpp(1590): warning C4996: 'fopen': This function or variable may be unsafe. Consider using fopen_s instead. To disable deprecation, use _CRT_SECURE_NO_WARNINGS. See online help for details.
                 c:\program files (x86)\microsoft visual studio 10.0\vc\include\stdio.h(234) : see declaration of 'fopen'
         dataProcess.cpp
     1>c:\users\arthur\dropbox\psychophysics\eyebrain\dataprocess.cpp(6): warning C4101: 'stereo' : unreferenced local variable
     1>c:\users\arthur\dropbox\psychophysics\eyebrain\dataprocess.cpp(51): warning C4800: 'int' : forcing value to bool 'true' or 'false' (performance warning)
     1>c:\users\arthur\dropbox\psychophysics\eyebrain\dataprocess.cpp(52): warning C4800: 'int' : forcing value to bool 'true' or 'false' (performance warning)
     1>c:\users\arthur\dropbox\psychophysics\eyebrain\dataprocess.cpp(53): warning C4800: 'int' : forcing value to bool 'true' or 'false' (performance warning)
     1>c:\users\arthur\dropbox\psychophysics\eyebrain\dataprocess.cpp(54): warning C4800: 'int' : forcing value to bool 'true' or 'false' (performance warning)
     1>c:\users\arthur\dropbox\psychophysics\eyebrain\dataprocess.cpp(55): warning C4800: 'int' : forcing value to bool 'true' or 'false' (performance warning)
     1>c:\users\arthur\dropbox\psychophysics\eyebrain\dataprocess.cpp(56): warning C4800: 'int' : forcing value to bool 'true' or 'false' (performance warning)
     1>c:\users\arthur\dropbox\psychophysics\eyebrain\dataprocess.cpp(57): warning C4800: 'int' : forcing value to bool 'true' or 'false' (performance warning)
     1>c:\users\arthur\dropbox\psychophysics\eyebrain\dataprocess.cpp(58): warning C4800: 'int' : forcing value to bool 'true' or 'false' (performance warning)
     1>c:\users\arthur\dropbox\psychophysics\eyebrain\dataprocess.cpp(59): warning C4800: 'int' : forcing value to bool 'true' or 'false' (performance warning)
     1>c:\users\arthur\dropbox\psychophysics\eyebrain\dataprocess.cpp(60): warning C4800: 'int' : forcing value to bool 'true' or 'false' (performance warning)
         curvatures.cpp
     1>c:\users\arthur\dropbox\psychophysics\eyebrain\curvatures.cpp(142): warning C4244: '=' : conversion from 'double' to 'float', possible loss of data
     1>c:\users\arthur\dropbox\psychophysics\eyebrain\curvatures.cpp(143): warning C4244: '=' : conversion from 'double' to 'float', possible loss of data
     1>c:\users\arthur\dropbox\psychophysics\eyebrain\curvatures.cpp(174): warning C4244: '=' : conversion from 'double' to 'float', possible loss of data
         complex.cpp
         bmp.cpp
         Generating Code...
         C:\Program Files (x86)\Microsoft Visual Studio 10.0\VC\bin\CL.exe /c /ZI /nologo /W3 /WX- /Od /Oy- /D WIN32 /D _DEBUG /D _WINDOWS /D _VC80_UPGRADE=0x0600 /D _MBCS /Gm /EHsc /RTC1 /MTd /GS /Gy- /fp:precise /Zc:wchar_t /Zc:forScope /Fo".\Debug\\" /Fd".\Debug\vc100.pdb" /Gd /TC /analyze- /errorReport:prompt img.c nrutil.c
         nrutil.c
         img.c
     1>c:\users\arthur\dropbox\psychophysics\eyebrain\img.c(460): warning C4996: 'fopen': This function or variable may be unsafe. Consider using fopen_s instead. To disable deprecation, use _CRT_SECURE_NO_WARNINGS. See online help for details.
                 c:\program files (x86)\microsoft visual studio 10.0\vc\include\stdio.h(234) : see declaration of 'fopen'
     1>c:\users\arthur\dropbox\psychophysics\eyebrain\img.c(486): warning C4996: 'sscanf': This function or variable may be unsafe. Consider using sscanf_s instead. To disable deprecation, use _CRT_SECURE_NO_WARNINGS. See online help for details.
                 c:\program files (x86)\microsoft visual studio 10.0\vc\include\stdio.h(325) : see declaration of 'sscanf'
     1>c:\users\arthur\dropbox\psychophysics\eyebrain\img.c(489): warning C4996: 'sscanf': This function or variable may be unsafe. Consider using sscanf_s instead. To disable deprecation, use _CRT_SECURE_NO_WARNINGS. See online help for details.
                 c:\program files (x86)\microsoft visual studio 10.0\vc\include\stdio.h(325) : see declaration of 'sscanf'
     1>c:\users\arthur\dropbox\psychophysics\eyebrain\img.c(497): warning C4996: 'sscanf': This function or variable may be unsafe. Consider using sscanf_s instead. To disable deprecation, use _CRT_SECURE_NO_WARNINGS. See online help for details.
                 c:\program files (x86)\microsoft visual studio 10.0\vc\include\stdio.h(325) : see declaration of 'sscanf'
     1>c:\users\arthur\dropbox\psychophysics\eyebrain\img.c(556): warning C4996: 'fopen': This function or variable may be unsafe. Consider using fopen_s instead. To disable deprecation, use _CRT_SECURE_NO_WARNINGS. See online help for details.
                 c:\program files (x86)\microsoft visual studio 10.0\vc\include\stdio.h(234) : see declaration of 'fopen'
     1>c:\users\arthur\dropbox\psychophysics\eyebrain\img.c(538): warning C4101: 'tm' : unreferenced local variable
         Generating Code...
       ManifestResourceCompile:
         C:\Program Files (x86)\Microsoft SDKs\Windows\v7.0A\bin\rc.exe /nologo /fo".\Debug\lesson7.exe.embed.manifest.res" .\Debug\lesson7_manifest.rc 
       Link:
         C:\Program Files (x86)\Microsoft Visual Studio 10.0\VC\bin\link.exe /ERRORREPORT:PROMPT /OUT:".\Debug\lesson7.exe" /INCREMENTAL /NOLOGO opengl32.lib glu32.lib odbc32.lib odbccp32.lib "libfftw3-3.lib" kernel32.lib user32.lib gdi32.lib winspool.lib comdlg32.lib advapi32.lib shell32.lib ole32.lib oleaut32.lib uuid.lib odbc32.lib odbccp32.lib /MANIFEST /ManifestFile:".\Debug\lesson7.exe.intermediate.manifest" /MANIFESTUAC:"level='asInvoker' uiAccess='false'" /DEBUG /PDB:"C:\Users\Arthur\Dropbox\psychophysics\EyeBrain\Debug\lesson7.pdb" /SUBSYSTEM:WINDOWS /TLBID:1 /DYNAMICBASE /NXCOMPAT /IMPLIB:".\Debug\lesson7.lib" /MACHINE:X86 .\Debug\lesson7.exe.embed.manifest.res
         .\Debug\bmp.obj
         .\Debug\complex.obj
         .\Debug\curvatures.obj
         .\Debug\dataProcess.obj
         .\Debug\img.obj
         .\Debug\lesson7.obj
         .\Debug\nrutil.obj
       Manifest:
         Deleting file ".\Debug\lesson7.exe.embed.manifest".
         C:\Program Files (x86)\Microsoft SDKs\Windows\v7.0A\bin\mt.exe /nologo /verbose /out:".\Debug\lesson7.exe.embed.manifest" /manifest .\Debug\lesson7.exe.intermediate.manifest
         C:\Program Files (x86)\Microsoft SDKs\Windows\v7.0A\bin\rc.exe /nologo /fo".\Debug\lesson7.exe.embed.manifest.res" .\Debug\lesson7_manifest.rc 
       LinkEmbedManifest:
         C:\Program Files (x86)\Microsoft Visual Studio 10.0\VC\bin\link.exe /ERRORREPORT:PROMPT /OUT:".\Debug\lesson7.exe" /INCREMENTAL /NOLOGO opengl32.lib glu32.lib odbc32.lib odbccp32.lib "libfftw3-3.lib" kernel32.lib user32.lib gdi32.lib winspool.lib comdlg32.lib advapi32.lib shell32.lib ole32.lib oleaut32.lib uuid.lib odbc32.lib odbccp32.lib /MANIFEST /ManifestFile:".\Debug\lesson7.exe.intermediate.manifest" /MANIFESTUAC:"level='asInvoker' uiAccess='false'" /DEBUG /PDB:"C:\Users\Arthur\Dropbox\psychophysics\EyeBrain\Debug\lesson7.pdb" /SUBSYSTEM:WINDOWS /TLBID:1 /DYNAMICBASE /NXCOMPAT /IMPLIB:".\Debug\lesson7.lib" /MACHINE:X86 .\Debug\lesson7.exe.embed.manifest.res
         .\Debug\bmp.obj
         .\Debug\complex.obj
         .\Debug\curvatures.obj
         .\Debug\dataProcess.obj
         .\Debug\img.obj
         .\Debug\lesson7.obj
         .\Debug\nrutil.obj
     1>LINK : fatal error LNK1168: cannot open .\Debug\lesson7.exe for writing
     1>Done Building Project "C:\Users\Arthur\Dropbox\psychophysics\EyeBrain\lesson7.vcxproj" (rebuild target(s)) -- FAILED.

Build FAILED.

Time Elapsed 00:00:02.98
